1712901930489:help
1712901964736:hello -help
1712924158367:hello
1712924180026:hello dhaval
1712924186373:goodbye
1713942623460:help
1713942628370:hello
1713942661280:goodbye
1715591928963:mkcsv
1715593455047:hello
1715593460943:goodbye
1715593464774:mkcsv
1715596612847:help
1715596619083:mkcsv
1715596630209:mkcsv hello.csv
1715597019150:mkcsv
1715597155861:help
1715597186466:mkcsv out1.csv
1715597251679:help
1715597263023:help mkcsv
1715670847522:help
1715670859650:mkcsv -hlp
1715670867571:mkcsv -help
1715670897838:mkcsv test1.csv
1715678240548:mkcsv
1715678332518:mkcsv o1.csv
1715678541800:mkcsv
